2009-01-29 19:28:58 Notice: Notice (8): Undefined index:  email in [APP/models/user.php, line 20]
2009-01-29 19:29:40 Notice: Notice (8): Undefined index:  email in [APP/models/user.php, line 20]
2009-01-29 19:30:00 Notice: Notice (8): Undefined index:  email in [APP/models/user.php, line 20]
2009-01-29 19:30:37 Notice: Notice (8): Undefined index:  email in [APP/models/user.php, line 20]
2009-01-29 19:40:24 Notice: Notice (8): Undefined index:  username in [CORE/cake/libs/controller/components/auth.php, line 307]
2009-01-29 19:57:11 Notice: Notice (8): Undefined index:  username in [CORE/cake/libs/controller/components/auth.php, line 307]
2009-01-29 19:57:49 Notice: Notice (8): Undefined index:  username in [CORE/cake/libs/controller/components/auth.php, line 307]
2009-01-29 19:58:07 Notice: Notice (8): Undefined index:  username in [CORE/cake/libs/controller/components/auth.php, line 307]
2009-01-29 19:59:04 Notice: Notice (8): Undefined index:  username in [CORE/cake/libs/controller/components/auth.php, line 307]
2009-01-29 20:00:47 Notice: Notice (8): Undefined index:  username in [CORE/cake/libs/controller/components/auth.php, line 307]
2009-01-29 20:02:54 Notice: Notice (8): Undefined index:  username in [CORE/cake/libs/controller/components/auth.php, line 307]
2009-01-29 21:29:26 Notice: Notice (8): Undefined property: CandidatesController::$User in [APP/controllers/candidates_controller.php, line 20]
2009-01-29 21:34:26 Notice: Notice (8): Undefined property: CandidatesController::$User in [APP/controllers/candidates_controller.php, line 20]
2009-01-29 21:40:28 Notice: Notice (8): Undefined variable: data in [APP/controllers/candidates_controller.php, line 18]
2009-01-29 22:08:22 Notice: Notice (8): Undefined variable: user in [APP/controllers/candidates_controller.php, line 13]
2009-01-29 22:10:13 Notice: Notice (8): Undefined index:  email in [APP/models/candidate.php, line 18]
2009-01-29 22:11:06 Notice: Notice (8): Undefined index:  email in [APP/models/candidate.php, line 19]
2009-01-29 22:40:56 Notice: Notice (8): Undefined property: ProfilesController::$Candidates in [APP/controllers/profiles_controller.php, line 10]
2009-01-29 22:51:06 Notice: Notice (8): Undefined property: ProfilesController::$Candidate in [APP/controllers/profiles_controller.php, line 8]
2009-01-30 04:58:43 Notice: Notice (8): Undefined property: ProfilesController::$Candidate in [APP/controllers/profiles_controller.php, line 16]
2009-01-30 05:00:23 Notice: Notice (8): Undefined property: ProfilesController::$Profile in [APP/controllers/profiles_controller.php, line 16]
2009-01-30 05:01:47 Notice: Notice (8): Undefined property: ProfilesController::$Profile in [APP/controllers/profiles_controller.php, line 16]
2009-01-30 05:02:15 Notice: Notice (8): Undefined property: ProfilesController::$Profile in [APP/controllers/profiles_controller.php, line 16]
2009-01-30 05:03:32 Notice: Notice (8): Undefined property: ProfilesController::$Profile in [APP/controllers/profiles_controller.php, line 16]
2009-01-30 05:04:16 Notice: Notice (8): Undefined property: ProfilesController::$Profile in [APP/controllers/profiles_controller.php, line 16]
2009-01-31 02:37:51 Notice: Notice (8): Undefined property: ProfilesController::$Profile in [APP/controllers/profiles_controller.php, line 16]
2009-01-31 02:38:44 Notice: Notice (8): Undefined property: ProfilesController::$Profile in [APP/controllers/profiles_controller.php, line 16]
2009-01-31 03:10:53 Notice: Notice (8): Undefined variable: countries in [APP/views/profiles/update.ctp, line 12]
2009-01-31 03:34:18 Notice: Notice (8): Undefined variable: profile in [APP/views/profiles/update.ctp, line 2]
2009-01-31 03:34:22 Notice: Notice (8): Undefined variable: profile in [APP/views/profiles/update.ctp, line 2]
2009-01-31 03:35:04 Notice: Notice (8): Undefined variable: profile in [APP/views/profiles/update.ctp, line 2]
2009-01-31 03:35:06 Notice: Notice (8): Undefined variable: profile in [APP/views/profiles/update.ctp, line 2]
2009-01-31 03:39:37 Notice: Notice (8): Undefined variable: profile in [APP/views/profiles/update.ctp, line 2]
2009-01-31 03:40:32 Notice: Notice (8): Undefined variable: profile in [APP/views/profiles/update.ctp, line 2]
2009-01-31 03:41:22 Notice: Notice (8): Undefined variable: profile in [APP/views/profiles/update.ctp, line 2]
2009-01-31 03:42:08 Notice: Notice (8): Undefined variable: profile in [APP/views/profiles/update.ctp, line 2]
2009-01-31 03:53:13 Notice: Notice (8): Undefined index:  birthday in [APP/views/profiles/update.ctp, line 11]
2009-01-31 03:53:42 Notice: Notice (8): Undefined index:  birthday in [APP/views/profiles/update.ctp, line 12]
2009-01-31 04:26:41 Notice: Notice (8): Undefined variable: var in [CORE/cake/basics.php, line 304]
2009-01-31 04:38:57 Notice: Notice (8): Undefined index:  fname in [APP/views/profiles/update.ctp, line 7]
2009-01-31 04:38:57 Notice: Notice (8): Undefined index:  sname in [APP/views/profiles/update.ctp, line 8]
2009-01-31 04:38:57 Notice: Notice (8): Undefined index:  country in [APP/views/profiles/update.ctp, line 23]
2009-01-31 04:38:57 Notice: Notice (8): Undefined index:  county in [APP/views/profiles/update.ctp, line 24]
2009-01-31 04:38:57 Notice: Notice (8): Undefined index:  location in [APP/views/profiles/update.ctp, line 25]
2009-01-31 04:38:57 Notice: Notice (8): Undefined index:  address in [APP/views/profiles/update.ctp, line 26]
2009-01-31 04:38:57 Notice: Notice (8): Undefined index:  tel in [APP/views/profiles/update.ctp, line 27]
2009-01-31 04:38:57 Notice: Notice (8): Undefined index:  secemail in [APP/views/profiles/update.ctp, line 28]
2009-01-31 04:38:57 Notice: Notice (8): Undefined index:  about in [APP/views/profiles/update.ctp, line 29]
2009-01-31 04:38:57 Notice: Notice (8): Undefined index:  auxstudies in [APP/views/profiles/update.ctp, line 30]
2009-01-31 04:38:57 Notice: Notice (8): Undefined index:  competences in [APP/views/profiles/update.ctp, line 31]
2009-01-31 04:39:42 Notice: Notice (8): Undefined index:  fname in [APP/views/profiles/update.ctp, line 7]
2009-01-31 04:39:42 Notice: Notice (8): Undefined index:  sname in [APP/views/profiles/update.ctp, line 8]
2009-01-31 04:39:42 Notice: Notice (8): Undefined index:  country in [APP/views/profiles/update.ctp, line 23]
2009-01-31 04:39:42 Notice: Notice (8): Undefined index:  county in [APP/views/profiles/update.ctp, line 24]
2009-01-31 04:39:42 Notice: Notice (8): Undefined index:  location in [APP/views/profiles/update.ctp, line 25]
2009-01-31 04:39:42 Notice: Notice (8): Undefined index:  address in [APP/views/profiles/update.ctp, line 26]
2009-01-31 04:39:42 Notice: Notice (8): Undefined index:  tel in [APP/views/profiles/update.ctp, line 27]
2009-01-31 04:39:42 Notice: Notice (8): Undefined index:  secemail in [APP/views/profiles/update.ctp, line 28]
2009-01-31 04:39:42 Notice: Notice (8): Undefined index:  about in [APP/views/profiles/update.ctp, line 29]
2009-01-31 04:39:42 Notice: Notice (8): Undefined index:  auxstudies in [APP/views/profiles/update.ctp, line 30]
2009-01-31 04:39:42 Notice: Notice (8): Undefined index:  competences in [APP/views/profiles/update.ctp, line 31]
2009-01-31 04:41:22 Notice: Notice (8): Undefined index:  fname in [APP/views/profiles/update.ctp, line 7]
2009-01-31 04:41:22 Notice: Notice (8): Undefined index:  sname in [APP/views/profiles/update.ctp, line 8]
2009-01-31 04:41:22 Notice: Notice (8): Undefined index:  country in [APP/views/profiles/update.ctp, line 23]
2009-01-31 04:41:22 Notice: Notice (8): Undefined index:  county in [APP/views/profiles/update.ctp, line 24]
2009-01-31 04:41:22 Notice: Notice (8): Undefined index:  location in [APP/views/profiles/update.ctp, line 25]
2009-01-31 04:41:22 Notice: Notice (8): Undefined index:  address in [APP/views/profiles/update.ctp, line 26]
2009-01-31 04:41:22 Notice: Notice (8): Undefined index:  tel in [APP/views/profiles/update.ctp, line 27]
2009-01-31 04:41:22 Notice: Notice (8): Undefined index:  secemail in [APP/views/profiles/update.ctp, line 28]
2009-01-31 04:41:22 Notice: Notice (8): Undefined index:  about in [APP/views/profiles/update.ctp, line 29]
2009-01-31 04:41:22 Notice: Notice (8): Undefined index:  auxstudies in [APP/views/profiles/update.ctp, line 30]
2009-01-31 04:41:22 Notice: Notice (8): Undefined index:  competences in [APP/views/profiles/update.ctp, line 31]
2009-01-31 04:44:09 Notice: Notice (8): Undefined index:  fname in [APP/views/profiles/update.ctp, line 6]
2009-01-31 04:44:09 Notice: Notice (8): Undefined index:  sname in [APP/views/profiles/update.ctp, line 7]
2009-01-31 04:44:09 Notice: Notice (8): Undefined index:  country in [APP/views/profiles/update.ctp, line 22]
2009-01-31 04:44:09 Notice: Notice (8): Undefined index:  county in [APP/views/profiles/update.ctp, line 23]
2009-01-31 04:44:09 Notice: Notice (8): Undefined index:  location in [APP/views/profiles/update.ctp, line 24]
2009-01-31 04:44:09 Notice: Notice (8): Undefined index:  address in [APP/views/profiles/update.ctp, line 25]
2009-01-31 04:44:09 Notice: Notice (8): Undefined index:  tel in [APP/views/profiles/update.ctp, line 26]
2009-01-31 04:44:09 Notice: Notice (8): Undefined index:  secemail in [APP/views/profiles/update.ctp, line 27]
2009-01-31 04:44:09 Notice: Notice (8): Undefined index:  about in [APP/views/profiles/update.ctp, line 28]
2009-01-31 04:44:09 Notice: Notice (8): Undefined index:  auxstudies in [APP/views/profiles/update.ctp, line 29]
2009-01-31 04:44:09 Notice: Notice (8): Undefined index:  competences in [APP/views/profiles/update.ctp, line 30]
2009-01-31 04:45:08 Notice: Notice (8): Undefined index:  fname in [APP/views/profiles/update.ctp, line 7]
2009-01-31 04:45:08 Notice: Notice (8): Undefined index:  sname in [APP/views/profiles/update.ctp, line 8]
2009-01-31 04:45:08 Notice: Notice (8): Undefined index:  country in [APP/views/profiles/update.ctp, line 23]
2009-01-31 04:45:08 Notice: Notice (8): Undefined index:  county in [APP/views/profiles/update.ctp, line 24]
2009-01-31 04:45:08 Notice: Notice (8): Undefined index:  location in [APP/views/profiles/update.ctp, line 25]
2009-01-31 04:45:08 Notice: Notice (8): Undefined index:  address in [APP/views/profiles/update.ctp, line 26]
2009-01-31 04:45:08 Notice: Notice (8): Undefined index:  tel in [APP/views/profiles/update.ctp, line 27]
2009-01-31 04:45:08 Notice: Notice (8): Undefined index:  secemail in [APP/views/profiles/update.ctp, line 28]
2009-01-31 04:45:08 Notice: Notice (8): Undefined index:  about in [APP/views/profiles/update.ctp, line 29]
2009-01-31 04:45:08 Notice: Notice (8): Undefined index:  auxstudies in [APP/views/profiles/update.ctp, line 30]
2009-01-31 04:45:08 Notice: Notice (8): Undefined index:  competences in [APP/views/profiles/update.ctp, line 31]
2009-01-31 04:45:55 Notice: Notice (8): Undefined variable: profile in [APP/views/profiles/update.ctp, line 3]
2009-01-31 04:45:55 Notice: Notice (8): Undefined index:  fname in [APP/views/profiles/update.ctp, line 6]
2009-01-31 04:45:55 Notice: Notice (8): Undefined index:  sname in [APP/views/profiles/update.ctp, line 7]
2009-01-31 04:45:55 Notice: Notice (8): Undefined index:  country in [APP/views/profiles/update.ctp, line 22]
2009-01-31 04:45:55 Notice: Notice (8): Undefined index:  county in [APP/views/profiles/update.ctp, line 23]
2009-01-31 04:45:55 Notice: Notice (8): Undefined index:  location in [APP/views/profiles/update.ctp, line 24]
2009-01-31 04:45:55 Notice: Notice (8): Undefined index:  address in [APP/views/profiles/update.ctp, line 25]
2009-01-31 04:45:55 Notice: Notice (8): Undefined index:  tel in [APP/views/profiles/update.ctp, line 26]
2009-01-31 04:45:55 Notice: Notice (8): Undefined index:  secemail in [APP/views/profiles/update.ctp, line 27]
2009-01-31 04:45:55 Notice: Notice (8): Undefined index:  about in [APP/views/profiles/update.ctp, line 28]
2009-01-31 04:45:55 Notice: Notice (8): Undefined index:  auxstudies in [APP/views/profiles/update.ctp, line 29]
2009-01-31 04:45:55 Notice: Notice (8): Undefined index:  competences in [APP/views/profiles/update.ctp, line 30]
2009-02-10 14:33:04 Notice: Notice (8): Undefined index:  Candidate in [APP/controllers/candidates_controller.php, line 27]
2009-02-10 14:33:56 Notice: Notice (8): Undefined index:  Candidate in [APP/controllers/candidates_controller.php, line 27]
2009-02-10 14:34:03 Notice: Notice (8): Undefined index:  Candidate in [APP/controllers/candidates_controller.php, line 27]
2009-02-10 14:38:19 Notice: Notice (8): Undefined index:  Candidate in [APP/controllers/candidates_controller.php, line 27]
2009-02-10 14:39:12 Notice: Notice (8): Array to string conversion in [CORE/cake/libs/inflector.php, line 419]
2009-02-10 14:39:12 Notice: Notice (8): Array to string conversion in [CORE/cake/libs/router.php, line 949]
2009-02-10 14:39:12 Notice: Notice (8): Array to string conversion in [CORE/cake/libs/router.php, line 1080]
2009-02-10 14:42:45 Notice: Notice (8): Undefined index:  Candidate in [APP/controllers/candidates_controller.php, line 27]
2009-02-10 15:04:39 Notice: Notice (8): Undefined index:  Candidate in [APP/controllers/candidates_controller.php, line 19]
2009-02-10 15:17:19 Notice: Notice (8): Undefined index:  Candidate in [APP/controllers/candidates_controller.php, line 21]
2009-02-10 15:17:43 Notice: Notice (8): Undefined index:  Candidate in [APP/controllers/candidates_controller.php, line 21]
2009-02-10 15:17:43 Notice: Notice (8): Undefined index:  Profile in [APP/controllers/candidates_controller.php, line 22]
2009-02-10 15:17:53 Notice: Notice (8): Undefined index:  Candidate in [APP/controllers/candidates_controller.php, line 21]
2009-02-10 15:17:53 Notice: Notice (8): Undefined index:  Profile in [APP/controllers/candidates_controller.php, line 22]
2009-02-10 15:17:58 Notice: Notice (8): Undefined index:  Profile in [APP/controllers/candidates_controller.php, line 22]
2009-02-10 15:44:53 Notice: Notice (8): Undefined index:  email in [APP/models/candidate.php, line 18]
2009-02-10 15:44:53 Notice: Notice (8): Undefined index:  password in [APP/models/candidate.php, line 21]
2009-02-10 15:45:55 Notice: Notice (8): Undefined index:  email in [APP/models/candidate.php, line 18]
2009-02-10 15:45:55 Notice: Notice (8): Undefined index:  password in [APP/models/candidate.php, line 21]
2009-02-10 16:02:41 Notice: Notice (8): Undefined index:  email in [APP/models/candidate.php, line 18]
2009-02-10 16:02:41 Notice: Notice (8): Undefined index:  password in [APP/models/candidate.php, line 21]
2009-02-10 16:05:44 Notice: Notice (8): Undefined variable: candidate in [APP/controllers/candidates_controller.php, line 31]
2009-02-10 16:10:05 Notice: Notice (8): Undefined index:  id in [APP/controllers/candidates_controller.php, line 33]
2009-02-10 16:12:08 Notice: Notice (8): Undefined index:  id in [APP/controllers/candidates_controller.php, line 33]
2009-02-10 18:01:27 Notice: Notice (8): Undefined index:  name in [APP/views/candidates/register.ctp, line 17]
2009-02-10 21:18:15 Notice: Notice (8): Undefined index:  Counties in [APP/controllers/candidates_controller.php, line 20]
2009-02-10 21:18:31 Notice: Notice (8): Undefined index:  Counties in [APP/controllers/candidates_controller.php, line 20]
2009-02-10 21:25:39 Notice: Notice (8): Undefined variable: county in [APP/controllers/candidates_controller.php, line 20]
2009-02-10 21:25:39 Notice: Notice (8): Undefined variable: counties in [APP/controllers/candidates_controller.php, line 23]
2009-02-10 21:26:56 Notice: Notice (8): Undefined index:  Counties in [APP/controllers/candidates_controller.php, line 24]
2009-02-10 21:28:25 Notice: Notice (8): Undefined index:  Counties in [APP/controllers/candidates_controller.php, line 24]
2009-02-10 21:28:49 Notice: Notice (8): Undefined index:  name in [APP/controllers/candidates_controller.php, line 22]
2009-02-12 13:11:50 Notice: Notice (8): Undefined index:  fname in [APP/views/profiles/index.ctp, line 4]
2009-02-12 13:11:50 Notice: Notice (8): Undefined index:  sname in [APP/views/profiles/index.ctp, line 5]
2009-02-12 13:11:50 Notice: Notice (8): Undefined index:  birthday in [APP/views/profiles/index.ctp, line 6]
2009-02-12 13:11:50 Notice: Notice (8): Undefined index:  adress in [APP/views/profiles/index.ctp, line 7]
2009-02-12 13:11:50 Notice: Notice (8): Undefined index:  location in [APP/views/profiles/index.ctp, line 8]
2009-02-12 13:11:50 Notice: Notice (8): Undefined index:  county in [APP/views/profiles/index.ctp, line 9]
2009-02-12 13:11:50 Notice: Notice (8): Undefined index:  tel in [APP/views/profiles/index.ctp, line 10]
2009-02-12 13:11:50 Notice: Notice (8): Undefined index:  secemail in [APP/views/profiles/index.ctp, line 11]
2009-02-12 13:11:50 Notice: Notice (8): Undefined index:  about in [APP/views/profiles/index.ctp, line 12]
2009-02-12 13:11:50 Notice: Notice (8): Undefined index:  auxstudie in [APP/views/profiles/index.ctp, line 13]
2009-02-12 13:11:50 Notice: Notice (8): Undefined index:  competences in [APP/views/profiles/index.ctp, line 14]
2009-02-12 13:12:13 Notice: Notice (8): Undefined index:  fname in [APP/views/profiles/index.ctp, line 4]
2009-02-12 13:12:13 Notice: Notice (8): Undefined index:  sname in [APP/views/profiles/index.ctp, line 5]
2009-02-12 13:12:13 Notice: Notice (8): Undefined index:  birthday in [APP/views/profiles/index.ctp, line 6]
2009-02-12 13:12:13 Notice: Notice (8): Undefined index:  adress in [APP/views/profiles/index.ctp, line 7]
2009-02-12 13:12:13 Notice: Notice (8): Undefined index:  location in [APP/views/profiles/index.ctp, line 8]
2009-02-12 13:12:13 Notice: Notice (8): Undefined index:  county in [APP/views/profiles/index.ctp, line 9]
2009-02-12 13:12:14 Notice: Notice (8): Undefined index:  tel in [APP/views/profiles/index.ctp, line 10]
2009-02-12 13:12:14 Notice: Notice (8): Undefined index:  secemail in [APP/views/profiles/index.ctp, line 11]
2009-02-12 13:12:14 Notice: Notice (8): Undefined index:  about in [APP/views/profiles/index.ctp, line 12]
2009-02-12 13:12:14 Notice: Notice (8): Undefined index:  auxstudie in [APP/views/profiles/index.ctp, line 13]
2009-02-12 13:12:14 Notice: Notice (8): Undefined index:  competences in [APP/views/profiles/index.ctp, line 14]
2009-02-12 13:12:40 Notice: Notice (8): Undefined index:  birthday in [APP/views/profiles/index.ctp, line 6]
2009-02-12 13:12:40 Notice: Notice (8): Undefined index:  adress in [APP/views/profiles/index.ctp, line 7]
2009-02-12 13:12:40 Notice: Notice (8): Undefined index:  auxstudie in [APP/views/profiles/index.ctp, line 13]
2009-02-12 13:13:03 Notice: Notice (8): Undefined index:  auxstudie in [APP/views/profiles/index.ctp, line 13]
2009-02-12 17:22:10 Notice: Notice (8): Undefined variable: data in [APP/controllers/candidates_controller.php, line 20]
2009-02-12 18:43:28 Notice: Notice (8): Undefined variable: javascript in [APP/views/profiles/index.ctp, line 2]
2009-02-12 18:43:51 Notice: Notice (8): Undefined variable: javascript in [APP/views/profiles/index.ctp, line 2]
2009-02-12 18:46:18 Notice: Notice (8): Undefined variable: javascript in [APP/views/profiles/index.ctp, line 2]
2009-02-12 20:03:10 Notice: Notice (8): Undefined variable: education in [APP/views/profiles/index.ctp, line 37]
2009-02-12 21:18:14 Notice: Notice (8): Undefined index:  name in [APP/views/profiles/index.ctp, line 43]
2009-02-12 21:18:14 Notice: Notice (8): Undefined index:  startdate in [APP/views/profiles/index.ctp, line 43]
2009-02-12 21:18:14 Notice: Notice (8): Undefined index:  enddate in [APP/views/profiles/index.ctp, line 43]
2009-02-12 21:18:14 Notice: Notice (8): Undefined index:  diploma in [APP/views/profiles/index.ctp, line 44]
2009-02-12 21:18:14 Notice: Notice (8): Undefined index:  details in [APP/views/profiles/index.ctp, line 45]
2009-02-12 21:19:10 Notice: Notice (8): Undefined index:  name in [APP/views/profiles/index.ctp, line 43]
2009-02-12 21:19:10 Notice: Notice (8): Undefined index:  startdate in [APP/views/profiles/index.ctp, line 43]
2009-02-12 21:19:10 Notice: Notice (8): Undefined index:  enddate in [APP/views/profiles/index.ctp, line 43]
2009-02-12 21:19:10 Notice: Notice (8): Undefined index:  diploma in [APP/views/profiles/index.ctp, line 44]
2009-02-12 21:19:10 Notice: Notice (8): Undefined index:  details in [APP/views/profiles/index.ctp, line 45]
2009-02-12 21:21:12 Notice: Notice (8): Undefined index:  name in [APP/views/profiles/index.ctp, line 44]
2009-02-12 21:21:12 Notice: Notice (8): Undefined index:  startdate in [APP/views/profiles/index.ctp, line 44]
2009-02-12 21:21:12 Notice: Notice (8): Undefined index:  enddate in [APP/views/profiles/index.ctp, line 44]
2009-02-12 21:21:12 Notice: Notice (8): Undefined index:  diploma in [APP/views/profiles/index.ctp, line 45]
2009-02-12 21:21:12 Notice: Notice (8): Undefined index:  details in [APP/views/profiles/index.ctp, line 46]
2009-02-12 21:21:27 Notice: Notice (8): Undefined index:  name in [APP/views/profiles/index.ctp, line 44]
2009-02-12 21:21:27 Notice: Notice (8): Undefined index:  startdate in [APP/views/profiles/index.ctp, line 44]
2009-02-12 21:21:27 Notice: Notice (8): Undefined index:  enddate in [APP/views/profiles/index.ctp, line 44]
2009-02-12 21:21:27 Notice: Notice (8): Undefined index:  diploma in [APP/views/profiles/index.ctp, line 45]
2009-02-12 21:21:27 Notice: Notice (8): Undefined index:  details in [APP/views/profiles/index.ctp, line 46]
