2009-01-29 19:29:40 Warning: Warning (512): <span style = "color:Red;text-align:left"><b>SQL Error:</b> 1054: Unknown column 'Candidates.email' in 'where clause'</span> in [CORE/cake/libs/model/datasources/dbo_source.php, line 521]
2009-01-29 19:30:00 Warning: Warning (512): <span style = "color:Red;text-align:left"><b>SQL Error:</b> 1054: Unknown column 'candidates.email' in 'where clause'</span> in [CORE/cake/libs/model/datasources/dbo_source.php, line 521]
2009-01-29 19:30:37 Warning: Warning (512): <span style = "color:Red;text-align:left"><b>SQL Error:</b> 1054: Unknown column 'Users.email' in 'where clause'</span> in [CORE/cake/libs/model/datasources/dbo_source.php, line 521]
2009-01-29 19:37:58 Warning: Warning (512): <span style = "color:Red;text-align:left"><b>SQL Error:</b> 1054: Unknown column 'candidates.email' in 'where clause'</span> in [CORE/cake/libs/model/datasources/dbo_source.php, line 521]
2009-01-29 19:57:12 Warning: Warning (512): <span style = "color:Red;text-align:left"><b>SQL Error:</b> 1054: Unknown column 'stas@nerd.ro' in 'field list'</span> in [CORE/cake/libs/model/datasources/dbo_source.php, line 521]
2009-01-29 21:34:47 Warning: Warning (512): <span style = "color:Red;text-align:left"><b>SQL Error:</b> 1064: You have an error in your SQL syntax; check the manual that corresponds to your MySQL server version for the right syntax to use near 'validateLogin' at line 1</span> in [CORE/cake/libs/model/datasources/dbo_source.php, line 521]
2009-01-29 21:35:50 Warning: Warning (512): <span style = "color:Red;text-align:left"><b>SQL Error:</b> 1064: You have an error in your SQL syntax; check the manual that corresponds to your MySQL server version for the right syntax to use near 'validateLogin' at line 1</span> in [CORE/cake/libs/model/datasources/dbo_source.php, line 521]
2009-01-29 21:36:20 Warning: Warning (512): <span style = "color:Red;text-align:left"><b>SQL Error:</b> 1064: You have an error in your SQL syntax; check the manual that corresponds to your MySQL server version for the right syntax to use near 'validateLogin' at line 1</span> in [CORE/cake/libs/model/datasources/dbo_source.php, line 521]
2009-01-29 21:37:34 Warning: Warning (512): <span style = "color:Red;text-align:left"><b>SQL Error:</b> 1064: You have an error in your SQL syntax; check the manual that corresponds to your MySQL server version for the right syntax to use near 'validateLogin' at line 1</span> in [CORE/cake/libs/model/datasources/dbo_source.php, line 521]
2009-01-29 21:38:53 Warning: Warning (512): <span style = "color:Red;text-align:left"><b>SQL Error:</b> 1064: You have an error in your SQL syntax; check the manual that corresponds to your MySQL server version for the right syntax to use near 'validateLogin' at line 1</span> in [CORE/cake/libs/model/datasources/dbo_source.php, line 521]
2009-01-29 21:39:04 Warning: Warning (512): <span style = "color:Red;text-align:left"><b>SQL Error:</b> 1064: You have an error in your SQL syntax; check the manual that corresponds to your MySQL server version for the right syntax to use near 'validateLogin' at line 1</span> in [CORE/cake/libs/model/datasources/dbo_source.php, line 521]
2009-01-29 21:40:06 Warning: Warning (512): <span style = "color:Red;text-align:left"><b>SQL Error:</b> 1064: You have an error in your SQL syntax; check the manual that corresponds to your MySQL server version for the right syntax to use near 'validateLogin' at line 1</span> in [CORE/cake/libs/model/datasources/dbo_source.php, line 521]
2009-01-29 21:41:26 Warning: Warning (512): <span style = "color:Red;text-align:left"><b>SQL Error:</b> 1064: You have an error in your SQL syntax; check the manual that corresponds to your MySQL server version for the right syntax to use near 'validateLogin' at line 1</span> in [CORE/cake/libs/model/datasources/dbo_source.php, line 521]
2009-01-29 21:42:17 Warning: Warning (512): <span style = "color:Red;text-align:left"><b>SQL Error:</b> 1064: You have an error in your SQL syntax; check the manual that corresponds to your MySQL server version for the right syntax to use near 'validateLogin' at line 1</span> in [CORE/cake/libs/model/datasources/dbo_source.php, line 521]
2009-01-29 21:42:24 Warning: Warning (512): <span style = "color:Red;text-align:left"><b>SQL Error:</b> 1064: You have an error in your SQL syntax; check the manual that corresponds to your MySQL server version for the right syntax to use near 'validateLogin' at line 1</span> in [CORE/cake/libs/model/datasources/dbo_source.php, line 521]
2009-01-29 21:42:56 Warning: Warning (512): <span style = "color:Red;text-align:left"><b>SQL Error:</b> 1064: You have an error in your SQL syntax; check the manual that corresponds to your MySQL server version for the right syntax to use near 'validateLogin' at line 1</span> in [CORE/cake/libs/model/datasources/dbo_source.php, line 521]
2009-01-29 21:44:26 Warning: Warning (512): <span style = "color:Red;text-align:left"><b>SQL Error:</b> 1064: You have an error in your SQL syntax; check the manual that corresponds to your MySQL server version for the right syntax to use near 'validateLogin' at line 1</span> in [CORE/cake/libs/model/datasources/dbo_source.php, line 521]
2009-01-29 21:45:49 Warning: Warning (512): <span style = "color:Red;text-align:left"><b>SQL Error:</b> 1064: You have an error in your SQL syntax; check the manual that corresponds to your MySQL server version for the right syntax to use near 'validateLogin' at line 1</span> in [CORE/cake/libs/model/datasources/dbo_source.php, line 521]
2009-01-29 21:46:32 Warning: Warning (512): <span style = "color:Red;text-align:left"><b>SQL Error:</b> 1064: You have an error in your SQL syntax; check the manual that corresponds to your MySQL server version for the right syntax to use near 'validateLogin' at line 1</span> in [CORE/cake/libs/model/datasources/dbo_source.php, line 521]
2009-01-29 21:47:58 Warning: Warning (512): <span style = "color:Red;text-align:left"><b>SQL Error:</b> 1064: You have an error in your SQL syntax; check the manual that corresponds to your MySQL server version for the right syntax to use near 'validateLogin' at line 1</span> in [CORE/cake/libs/model/datasources/dbo_source.php, line 521]
2009-01-29 21:48:02 Warning: Warning (512): <span style = "color:Red;text-align:left"><b>SQL Error:</b> 1064: You have an error in your SQL syntax; check the manual that corresponds to your MySQL server version for the right syntax to use near 'validateLogin' at line 1</span> in [CORE/cake/libs/model/datasources/dbo_source.php, line 521]
2009-01-29 21:49:20 Warning: Warning (512): <span style = "color:Red;text-align:left"><b>SQL Error:</b> 1064: You have an error in your SQL syntax; check the manual that corresponds to your MySQL server version for the right syntax to use near 'validateLogin' at line 1</span> in [CORE/cake/libs/model/datasources/dbo_source.php, line 521]
2009-01-29 21:49:32 Warning: Warning (512): <span style = "color:Red;text-align:left"><b>SQL Error:</b> 1064: You have an error in your SQL syntax; check the manual that corresponds to your MySQL server version for the right syntax to use near 'validateLogin' at line 1</span> in [CORE/cake/libs/model/datasources/dbo_source.php, line 521]
2009-01-29 21:49:55 Warning: Warning (512): <span style = "color:Red;text-align:left"><b>SQL Error:</b> 1064: You have an error in your SQL syntax; check the manual that corresponds to your MySQL server version for the right syntax to use near 'validateLogin' at line 1</span> in [CORE/cake/libs/model/datasources/dbo_source.php, line 521]
2009-01-29 21:50:00 Warning: Warning (512): <span style = "color:Red;text-align:left"><b>SQL Error:</b> 1064: You have an error in your SQL syntax; check the manual that corresponds to your MySQL server version for the right syntax to use near 'a' at line 1</span> in [CORE/cake/libs/model/datasources/dbo_source.php, line 521]
2009-01-29 22:12:12 Warning: Warning (512): <span style = "color:Red;text-align:left"><b>SQL Error:</b> 1062: Duplicate entry 'stas@nerd.ro' for key 2</span> in [CORE/cake/libs/model/datasources/dbo_source.php, line 521]
2009-01-29 22:12:12 Warning: Warning (2): Cannot modify header information - headers already sent by (output started at /var/www/cakephp/cake/basics.php:303) in [CORE/cake/libs/controller/controller.php, line 587]
2009-01-29 22:12:46 Warning: Warning (512): <span style = "color:Red;text-align:left"><b>SQL Error:</b> 1062: Duplicate entry 'stas@nerd.ro' for key 2</span> in [CORE/cake/libs/model/datasources/dbo_source.php, line 521]
2009-01-29 22:12:46 Warning: Warning (2): Cannot modify header information - headers already sent by (output started at /var/www/cakephp/cake/basics.php:111) in [CORE/cake/libs/controller/controller.php, line 587]
2009-01-29 22:13:52 Warning: Warning (512): <span style = "color:Red;text-align:left"><b>SQL Error:</b> 1062: Duplicate entry 'stas@nerd.ro' for key 2</span> in [CORE/cake/libs/model/datasources/dbo_source.php, line 521]
2009-01-29 22:13:52 Warning: Warning (2): Cannot modify header information - headers already sent by (output started at /var/www/cakephp/cake/basics.php:111) in [CORE/cake/libs/controller/controller.php, line 587]
2009-01-29 22:16:05 Warning: Warning (2): Cannot modify header information - headers already sent by (output started at /var/www/cakephp/cake/basics.php:303) in [CORE/cake/libs/controller/controller.php, line 587]
2009-01-29 22:17:55 Warning: Warning (2): Cannot modify header information - headers already sent by (output started at /var/www/job/models/candidate.php:11) in [CORE/cake/libs/controller/controller.php, line 587]
2009-01-29 22:22:40 Warning: Warning (2): Cannot modify header information - headers already sent by (output started at /var/www/cakephp/cake/basics.php:303) in [CORE/cake/libs/controller/controller.php, line 587]
2009-01-29 22:24:53 Warning: Warning (2): Cannot modify header information - headers already sent by (output started at /var/www/cakephp/cake/basics.php:303) in [CORE/cake/libs/controller/controller.php, line 587]
2009-01-29 22:40:01 Warning: Warning (512): <span style = "color:Red;text-align:left"><b>SQL Error:</b> 1064: You have an error in your SQL syntax; check the manual that corresponds to your MySQL server version for the right syntax to use near '__validateLoginStatus' at line 1</span> in [CORE/cake/libs/model/datasources/dbo_source.php, line 521]
2009-01-29 22:41:00 Warning: Warning (512): <span style = "color:Red;text-align:left"><b>SQL Error:</b> 1064: You have an error in your SQL syntax; check the manual that corresponds to your MySQL server version for the right syntax to use near '__validateLoginStatus' at line 1</span> in [CORE/cake/libs/model/datasources/dbo_source.php, line 521]
2009-01-29 22:41:15 Warning: Warning (512): <span style = "color:Red;text-align:left"><b>SQL Error:</b> 1064: You have an error in your SQL syntax; check the manual that corresponds to your MySQL server version for the right syntax to use near '__validateLoginStatus' at line 1</span> in [CORE/cake/libs/model/datasources/dbo_source.php, line 521]
2009-01-29 22:51:06 Warning: Warning (512): <span style = "color:Red;text-align:left"><b>SQL Error:</b> 1146: Table 'job.Profiles' doesn't exist</span> in [CORE/cake/libs/model/datasources/dbo_source.php, line 521]
2009-01-29 22:51:06 Warning: Warning (2): Invalid argument supplied for foreach() in [CORE/cake/libs/model/datasources/dbo/dbo_mysql.php, line 194]
2009-01-29 22:52:26 Warning: Warning (512): <span style = "color:Red;text-align:left"><b>SQL Error:</b> 1064: You have an error in your SQL syntax; check the manual that corresponds to your MySQL server version for the right syntax to use near '__validateLoginStatus' at line 1</span> in [CORE/cake/libs/model/datasources/dbo_source.php, line 521]
2009-01-29 22:57:06 Warning: Warning (512): <span style = "color:Red;text-align:left"><b>SQL Error:</b> 1064: You have an error in your SQL syntax; check the manual that corresponds to your MySQL server version for the right syntax to use near '__validateLoginStatus' at line 1</span> in [CORE/cake/libs/model/datasources/dbo_source.php, line 521]
2009-01-29 22:57:26 Warning: Warning (512): <span style = "color:Red;text-align:left"><b>SQL Error:</b> 1064: You have an error in your SQL syntax; check the manual that corresponds to your MySQL server version for the right syntax to use near '__validateLoginStatus' at line 1</span> in [CORE/cake/libs/model/datasources/dbo_source.php, line 521]
2009-01-29 22:57:32 Warning: Warning (512): <span style = "color:Red;text-align:left"><b>SQL Error:</b> 1064: You have an error in your SQL syntax; check the manual that corresponds to your MySQL server version for the right syntax to use near '__validateLoginStatus' at line 1</span> in [CORE/cake/libs/model/datasources/dbo_source.php, line 521]
2009-01-29 22:59:08 Warning: Warning (512): <span style = "color:Red;text-align:left"><b>SQL Error:</b> 1064: You have an error in your SQL syntax; check the manual that corresponds to your MySQL server version for the right syntax to use near '__validateLoginStatus' at line 1</span> in [CORE/cake/libs/model/datasources/dbo_source.php, line 521]
2009-01-30 02:25:45 Warning: Warning (2): Cannot modify header information - headers already sent by (output started at /var/www/cakephp/cake/basics.php:303) in [CORE/cake/libs/controller/controller.php, line 587]
2009-01-30 02:26:06 Warning: Warning (2): Cannot modify header information - headers already sent by (output started at /var/www/cakephp/cake/basics.php:303) in [CORE/cake/libs/controller/controller.php, line 587]
2009-01-30 02:26:52 Warning: Warning (2): Cannot modify header information - headers already sent by (output started at /var/www/cakephp/cake/basics.php:303) in [CORE/cake/libs/controller/controller.php, line 587]
2009-01-30 02:26:54 Warning: Warning (2): Cannot modify header information - headers already sent by (output started at /var/www/cakephp/cake/basics.php:303) in [CORE/cake/libs/controller/controller.php, line 587]
2009-01-30 02:38:28 Warning: Warning (2): Cannot modify header information - headers already sent by (output started at /var/www/cakephp/cake/basics.php:303) in [CORE/cake/libs/controller/controller.php, line 587]
2009-01-30 05:01:29 Warning: Warning (512): <span style = "color:Red;text-align:left"><b>SQL Error:</b> 1146: Table 'job.Profiles' doesn't exist</span> in [CORE/cake/libs/model/datasources/dbo_source.php, line 521]
2009-01-30 05:01:29 Warning: Warning (2): Invalid argument supplied for foreach() in [CORE/cake/libs/model/datasources/dbo/dbo_mysql.php, line 194]
2009-01-30 05:01:29 Warning: Warning (2): Cannot modify header information - headers already sent by (output started at /var/www/cakephp/cake/basics.php:111) in [CORE/cake/libs/controller/controller.php, line 587]
2009-01-30 05:02:35 Warning: Warning (512): <span style = "color:Red;text-align:left"><b>SQL Error:</b> 1146: Table 'job.Profiles' doesn't exist</span> in [CORE/cake/libs/model/datasources/dbo_source.php, line 521]
2009-01-30 05:02:35 Warning: Warning (2): Invalid argument supplied for foreach() in [CORE/cake/libs/model/datasources/dbo/dbo_mysql.php, line 194]
2009-01-30 05:02:35 Warning: Warning (2): Cannot modify header information - headers already sent by (output started at /var/www/cakephp/cake/basics.php:111) in [CORE/cake/libs/controller/controller.php, line 587]
2009-01-30 05:04:24 Warning: Warning (512): <span style = "color:Red;text-align:left"><b>SQL Error:</b> 1146: Table 'job.Profiles' doesn't exist</span> in [CORE/cake/libs/model/datasources/dbo_source.php, line 521]
2009-01-30 05:04:24 Warning: Warning (2): Invalid argument supplied for foreach() in [CORE/cake/libs/model/datasources/dbo/dbo_mysql.php, line 194]
2009-01-30 05:04:24 Warning: Warning (2): Cannot modify header information - headers already sent by (output started at /var/www/cakephp/cake/basics.php:111) in [CORE/cake/libs/controller/controller.php, line 587]
2009-01-31 02:38:35 Warning: Warning (512): <span style = "color:Red;text-align:left"><b>SQL Error:</b> 1052: Column 'id' in where clause is ambiguous</span> in [CORE/cake/libs/model/datasources/dbo_source.php, line 521]
2009-01-31 02:38:49 Warning: Warning (512): <span style = "color:Red;text-align:left"><b>SQL Error:</b> 1052: Column 'id' in where clause is ambiguous</span> in [CORE/cake/libs/model/datasources/dbo_source.php, line 521]
2009-01-31 02:47:02 Warning: Warning (512): <span style = "color:Red;text-align:left"><b>SQL Error:</b> 1052: Column 'id' in where clause is ambiguous</span> in [CORE/cake/libs/model/datasources/dbo_source.php, line 521]
2009-01-31 03:28:00 Warning: Warning (2): Cannot modify header information - headers already sent by (output started at /var/www/job/controllers/profiles_controller.php:44) in [CORE/cake/libs/controller/controller.php, line 587]
2009-01-31 03:28:12 Warning: Warning (512): <span style = "color:Red;text-align:left"><b>SQL Error:</b> 1062: Duplicate entry '1' for key 2</span> in [CORE/cake/libs/model/datasources/dbo_source.php, line 521]
2009-01-31 03:28:12 Warning: Warning (2): Cannot modify header information - headers already sent by (output started at /var/www/cakephp/cake/basics.php:111) in [CORE/cake/libs/controller/controller.php, line 587]
2009-01-31 04:16:07 Warning: Warning (2): Cannot modify header information - headers already sent by (output started at /var/www/cakephp/cake/basics.php:303) in [CORE/cake/libs/controller/controller.php, line 587]
2009-01-31 04:24:20 Warning: Warning (2): Wrong parameter count for array_fill() in [APP/views/profiles/update.ctp, line 5]
2009-01-31 04:26:41 Warning: Warning (2): Missing argument 1 for pr(), called in /var/www/job/views/profiles/update.ctp on line 5 and defined in [CORE/cake/basics.php, line 301]
2009-01-31 04:32:11 Warning: Warning (512): <span style = "color:Red;text-align:left"><b>SQL Error:</b> 1062: Duplicate entry '1' for key 2</span> in [CORE/cake/libs/model/datasources/dbo_source.php, line 521]
2009-01-31 04:32:11 Warning: Warning (2): Cannot modify header information - headers already sent by (output started at /var/www/cakephp/cake/basics.php:111) in [CORE/cake/libs/controller/controller.php, line 587]
2009-01-31 04:34:58 Warning: Warning (512): <span style = "color:Red;text-align:left"><b>SQL Error:</b> 1062: Duplicate entry '1' for key 2</span> in [CORE/cake/libs/model/datasources/dbo_source.php, line 521]
2009-01-31 04:34:58 Warning: Warning (2): Cannot modify header information - headers already sent by (output started at /var/www/cakephp/cake/basics.php:111) in [CORE/cake/libs/controller/controller.php, line 587]
2009-01-31 04:35:34 Warning: Warning (512): <span style = "color:Red;text-align:left"><b>SQL Error:</b> 1062: Duplicate entry '1' for key 2</span> in [CORE/cake/libs/model/datasources/dbo_source.php, line 521]
2009-01-31 04:35:35 Warning: Warning (2): Cannot modify header information - headers already sent by (output started at /var/www/cakephp/cake/basics.php:111) in [CORE/cake/libs/controller/controller.php, line 587]
2009-01-31 04:35:51 Warning: Warning (512): <span style = "color:Red;text-align:left"><b>SQL Error:</b> 1062: Duplicate entry '1' for key 2</span> in [CORE/cake/libs/model/datasources/dbo_source.php, line 521]
2009-01-31 04:35:51 Warning: Warning (2): Cannot modify header information - headers already sent by (output started at /var/www/job/controllers/profiles_controller.php:52) in [CORE/cake/libs/controller/controller.php, line 587]
2009-01-31 04:38:57 Warning: Warning (512): <span style = "color:Red;text-align:left"><b>SQL Error:</b> 1062: Duplicate entry '1' for key 2</span> in [CORE/cake/libs/model/datasources/dbo_source.php, line 521]
2009-01-31 04:38:57 Warning: Warning (2): array_combine() [<a href='http://php.net/function.array-combine'>function.array-combine</a>]: Both parameters should have an equal number of elements in [APP/views/profiles/update.ctp, line 5]
2009-01-31 04:39:42 Warning: Warning (2): array_combine() [<a href='http://php.net/function.array-combine'>function.array-combine</a>]: Both parameters should have an equal number of elements in [APP/views/profiles/update.ctp, line 5]
2009-01-31 04:41:22 Warning: Warning (2): array_combine() [<a href='http://php.net/function.array-combine'>function.array-combine</a>]: Both parameters should have an equal number of elements in [APP/views/profiles/update.ctp, line 4]
2009-01-31 04:44:09 Warning: Warning (2): array_combine() [<a href='http://php.net/function.array-combine'>function.array-combine</a>]: Both parameters should have an equal number of elements in [APP/views/profiles/update.ctp, line 4]
2009-01-31 04:44:09 Warning: Warning (2): array_reverse() [<a href='http://php.net/function.array-reverse'>function.array-reverse</a>]: The argument should be an array in [APP/views/profiles/update.ctp, line 4]
2009-01-31 04:45:08 Warning: Warning (2): array_combine() [<a href='http://php.net/function.array-combine'>function.array-combine</a>]: Both parameters should have an equal number of elements in [APP/views/profiles/update.ctp, line 4]
2009-01-31 04:45:08 Warning: Warning (2): array_reverse() [<a href='http://php.net/function.array-reverse'>function.array-reverse</a>]: The argument should be an array in [APP/views/profiles/update.ctp, line 4]
2009-01-31 04:45:55 Warning: Warning (2): array_combine() [<a href='http://php.net/function.array-combine'>function.array-combine</a>]: Both parameters should have an equal number of elements in [APP/views/profiles/update.ctp, line 3]
2009-01-31 04:45:55 Warning: Warning (2): array_reverse() [<a href='http://php.net/function.array-reverse'>function.array-reverse</a>]: The argument should be an array in [APP/views/profiles/update.ctp, line 3]
2009-02-10 14:33:04 Warning: Warning (2): Cannot modify header information - headers already sent by (output started at /var/www/cakephp/cake/basics.php:111) in [CORE/cake/libs/controller/controller.php, line 587]
2009-02-10 14:33:56 Warning: Warning (2): Cannot modify header information - headers already sent by (output started at /var/www/cakephp/cake/basics.php:111) in [CORE/cake/libs/controller/controller.php, line 587]
2009-02-10 14:34:03 Warning: Warning (2): Cannot modify header information - headers already sent by (output started at /var/www/cakephp/cake/basics.php:111) in [CORE/cake/libs/controller/controller.php, line 587]
2009-02-10 14:38:19 Warning: Warning (2): Cannot modify header information - headers already sent by (output started at /var/www/cakephp/cake/basics.php:111) in [CORE/cake/libs/controller/controller.php, line 587]
2009-02-10 14:42:45 Warning: Warning (2): Cannot modify header information - headers already sent by (output started at /var/www/cakephp/cake/basics.php:111) in [CORE/cake/libs/controller/controller.php, line 587]
2009-02-10 15:10:00 Warning: Warning (512): Method FormHelper::close does not exist in [CORE/cake/libs/view/helper.php, line 148]
2009-02-10 15:28:59 Warning: Warning (2): array_pop() [<a href='http://php.net/function.array-pop'>function.array-pop</a>]: The argument should be an array in [APP/controllers/candidates_controller.php, line 23]
2009-02-10 15:28:59 Warning: Warning (2): array_shift() [<a href='http://php.net/function.array-shift'>function.array-shift</a>]: The argument should be an array in [APP/controllers/candidates_controller.php, line 27]
2009-02-10 15:41:37 Warning: Warning (2): array_pop() [<a href='http://php.net/function.array-pop'>function.array-pop</a>]: The argument should be an array in [APP/controllers/candidates_controller.php, line 22]
2009-02-10 15:41:37 Warning: Warning (2): array_shift() [<a href='http://php.net/function.array-shift'>function.array-shift</a>]: The argument should be an array in [APP/controllers/candidates_controller.php, line 26]
2009-02-10 15:42:28 Warning: Warning (2): array_pop() [<a href='http://php.net/function.array-pop'>function.array-pop</a>]: The argument should be an array in [APP/controllers/candidates_controller.php, line 23]
2009-02-10 15:42:28 Warning: Warning (2): array_shift() [<a href='http://php.net/function.array-shift'>function.array-shift</a>]: The argument should be an array in [APP/controllers/candidates_controller.php, line 27]
2009-02-10 15:42:47 Warning: Warning (2): array_pop() [<a href='http://php.net/function.array-pop'>function.array-pop</a>]: The argument should be an array in [APP/controllers/candidates_controller.php, line 23]
2009-02-10 15:42:47 Warning: Warning (2): array_shift() [<a href='http://php.net/function.array-shift'>function.array-shift</a>]: The argument should be an array in [APP/controllers/candidates_controller.php, line 27]
2009-02-10 15:43:45 Warning: Warning (2): array_pop() [<a href='http://php.net/function.array-pop'>function.array-pop</a>]: The argument should be an array in [APP/controllers/candidates_controller.php, line 24]
2009-02-10 15:43:45 Warning: Warning (2): array_shift() [<a href='http://php.net/function.array-shift'>function.array-shift</a>]: The argument should be an array in [APP/controllers/candidates_controller.php, line 28]
2009-02-10 16:10:05 Warning: Warning (2): Cannot modify header information - headers already sent by (output started at /var/www/cakephp/cake/basics.php:111) in [CORE/cake/libs/controller/controller.php, line 587]
2009-02-10 16:12:08 Warning: Warning (2): Cannot modify header information - headers already sent by (output started at /var/www/cakephp/cake/basics.php:111) in [CORE/cake/libs/controller/controller.php, line 587]
2009-02-10 16:12:45 Warning: Warning (2): Cannot modify header information - headers already sent by (output started at /var/www/cakephp/cake/basics.php:303) in [CORE/cake/libs/controller/controller.php, line 587]
2009-02-10 17:37:54 Warning: Warning (512): <span style = "color:Red;text-align:left"><b>SQL Error:</b> 1064: You have an error in your SQL syntax; check the manual that corresponds to your MySQL server version for the right syntax to use near '' at line 1</span> in [CORE/cake/libs/model/datasources/dbo_source.php, line 521]
2009-02-10 21:25:39 Warning: Warning (2): Invalid argument supplied for foreach() in [APP/controllers/candidates_controller.php, line 20]
2009-02-10 21:26:36 Warning: Warning (2): array_push() [<a href='http://php.net/function.array-push'>function.array-push</a>]: First argument should be an array in [APP/controllers/candidates_controller.php, line 21]
